Using pre-set license
Built from '2020.2/release' branch; Version is '2020.2.1f1 (270dd8c3da1c) revision 2559448'; Using compiler version '192528614'; Build Type 'Release'
OS: 'Windows 10  (10.0.0) 64bit' Language: 'en' Physical Memory: 32712 MB
BatchMode: 1, IsHumanControllingUs: 0, StartBugReporterOnCrash: 0, Is64bit: 1, IsPro: 0

 COMMAND LINE ARGUMENTS:
C:\Program Files\Unity\Hub\Editor\2020.2.1f1\Editor\Unity.exe
-adb2
-batchMode
-noUpm
-name
AssetImportWorker0
-projectPath
D:/TSF Files/Semester 3/Cross Platform Programming 2/CPP2_2021_SydneyPallister
-logFile
Logs/AssetImportWorker0.log
-srvPort
50556
Successfully changed project path to: D:/TSF Files/Semester 3/Cross Platform Programming 2/CPP2_2021_SydneyPallister
D:/TSF Files/Semester 3/Cross Platform Programming 2/CPP2_2021_SydneyPallister
Using Asset Import Pipeline V2.
Refreshing native plugins compatible for Editor in 30.38 ms, found 0 plugins.
Preloading 0 native plugins for Editor in 0.00 ms.
Initialize engine version: 2020.2.1f1 (270dd8c3da1c)
[Subsystems] Discovering subsystems at path C:/Program Files/Unity/Hub/Editor/2020.2.1f1/Editor/Data/Resources/UnitySubsystems
[Subsystems] Discovering subsystems at path D:/TSF Files/Semester 3/Cross Platform Programming 2/CPP2_2021_SydneyPallister/Assets
GfxDevice: creating device client; threaded=0
Direct3D:
    Version:  Direct3D 11.0 [level 11.1]
    Renderer: NVIDIA GeForce RTX 2060 (ID=0x1e89)
    Vendor:   
    VRAM:     5967 MB
    Driver:   27.21.14.6140
Initialize mono
Mono path[0] = 'C:/Program Files/Unity/Hub/Editor/2020.2.1f1/Editor/Data/Managed'
Mono path[1] = 'C:/Program Files/Unity/Hub/Editor/2020.2.1f1/Editor/Data/MonoBleedingEdge/lib/mono/unityjit'
Mono config path = 'C:/Program Files/Unity/Hub/Editor/2020.2.1f1/Editor/Data/MonoBleedingEdge/etc'
Using monoOptions --debugger-agent=transport=dt_socket,embedding=1,server=y,suspend=n,address=127.0.0.1:56936
Begin MonoManager ReloadAssembly
Registering precompiled unity dll's ...
Register platform support module: C:/Program Files/Unity/Hub/Editor/2020.2.1f1/Editor/Data/PlaybackEngines/MacStandaloneSupport/UnityEditor.OSXStandalone.Extensions.dll
Register platform support module: C:/Program Files/Unity/Hub/Editor/2020.2.1f1/Editor/Data/PlaybackEngines/WindowsStandaloneSupport/UnityEditor.WindowsStandalone.Extensions.dll
Registered in 0.002468 seconds.
Native extension for WindowsStandalone target not found
Native extension for OSXStandalone target not found
Refreshing native plugins compatible for Editor in 31.37 ms, found 0 plugins.
Preloading 0 native plugins for Editor in 0.00 ms.
Invoked RoslynAnalysisRunner static constructor.
RoslynAnalysisRunner will not be running.
RoslynAnalysisRunner has terminated.
Mono: successfully reloaded assembly
- Completed reload, in  0.919 seconds
Platform modules already initialized, skipping
Registering precompiled user dll's ...
Registered in 0.000513 seconds.
Begin MonoManager ReloadAssembly
Native extension for WindowsStandalone target not found
Native extension for OSXStandalone target not found
Refreshing native plugins compatible for Editor in 0.63 ms, found 0 plugins.
Preloading 0 native plugins for Editor in 0.00 ms.
Invoked RoslynAnalysisRunner static constructor.
RoslynAnalysisRunner will not be running.
RoslynAnalysisRunner has terminated.
Mono: successfully reloaded assembly
- Completed reload, in  0.812 seconds
Platform modules already initialized, skipping
========================================================================
Worker process is ready to serve import requests
Launched and connected shader compiler UnityShaderCompiler.exe after 0.03 seconds
Refreshing native plugins compatible for Editor in 0.42 ms, found 0 plugins.
Preloading 0 native plugins for Editor in 0.00 ms.
Unloading 1553 Unused Serialized files (Serialized files now loaded: 0)
System memory in use before: 99.4 MB.
System memory in use after: 99.5 MB.

Unloading 11 unused Assets to reduce memory usage. Loaded Objects now: 2030.
Total: 1.901600 ms (FindLiveObjects: 0.245100 ms CreateObjectMapping: 0.039700 ms MarkObjects: 1.498100 ms  DeleteObjects: 0.117600 ms)

========================================================================
Received Import Request.
  path: Assets/My Assets/Scripts/Managers/CanvasManager.cs
  artifactKey: Guid(337ff949cba1e2544b9d53fc443f6a46) Importer(815301076,1909f56bfc062723c751e8b465ee728b)
Start importing Assets/My Assets/Scripts/Managers/CanvasManager.cs using Guid(337ff949cba1e2544b9d53fc443f6a46) Importer(815301076,1909f56bfc062723c751e8b465ee728b)  -> (artifact id: '1f1eb2b651a40d16cabfca02c14afa2b') in 0.026515 seconds
  Import took 0.041945 seconds .

========================================================================
Received Prepare
Refreshing native plugins compatible for Editor in 0.75 ms, found 0 plugins.
Preloading 0 native plugins for Editor in 0.00 ms.
Unloading 3 Unused Serialized files (Serialized files now loaded: 0)
System memory in use before: 66.5 MB.
System memory in use after: 66.6 MB.

Unloading 3 unused Assets to reduce memory usage. Loaded Objects now: 2030.
Total: 1.673700 ms (FindLiveObjects: 0.213800 ms CreateObjectMapping: 0.035700 ms MarkObjects: 1.339200 ms  DeleteObjects: 0.084100 ms)

========================================================================
Received Import Request.
  Time since last request: 19.526858 seconds.
  path: Assets/My Assets/Scripts/Player/ThirdPersonMovement.cs
  artifactKey: Guid(5aa906d2d13d76b439e562d3d92faaa4) Importer(815301076,1909f56bfc062723c751e8b465ee728b)
Start importing Assets/My Assets/Scripts/Player/ThirdPersonMovement.cs using Guid(5aa906d2d13d76b439e562d3d92faaa4) Importer(815301076,1909f56bfc062723c751e8b465ee728b)  -> (artifact id: 'ba0d2100711556a52abc8d8e9d4aa280') in 0.005200 seconds
  Import took 0.007864 seconds .

========================================================================
Received Import Request.
  Time since last request: 0.002756 seconds.
  path: Assets/My Assets/Scripts/Player/ThirdPersonMovement.cs
  artifactKey: Guid(5aa906d2d13d76b439e562d3d92faaa4) Importer(815301076,1909f56bfc062723c751e8b465ee728b)
Start importing Assets/My Assets/Scripts/Player/ThirdPersonMovement.cs using Guid(5aa906d2d13d76b439e562d3d92faaa4) Importer(815301076,1909f56bfc062723c751e8b465ee728b)  -> (artifact id: 'ba0d2100711556a52abc8d8e9d4aa280') in 0.001336 seconds
  Import took 0.003221 seconds .

========================================================================
Received Prepare
Registering precompiled user dll's ...
Registered in 0.000519 seconds.
Begin MonoManager ReloadAssembly
Native extension for WindowsStandalone target not found
Native extension for OSXStandalone target not found
Refreshing native plugins compatible for Editor in 0.45 ms, found 0 plugins.
Preloading 0 native plugins for Editor in 0.00 ms.
Invoked RoslynAnalysisRunner static constructor.
RoslynAnalysisRunner will not be running.
RoslynAnalysisRunner has terminated.
Mono: successfully reloaded assembly
- Completed reload, in  0.689 seconds
Platform modules already initialized, skipping
Refreshing native plugins compatible for Editor in 0.51 ms, found 0 plugins.
Preloading 0 native plugins for Editor in 0.00 ms.
Unloading 1506 Unused Serialized files (Serialized files now loaded: 0)
System memory in use before: 97.1 MB.
System memory in use after: 97.2 MB.

Unloading 6 unused Assets to reduce memory usage. Loaded Objects now: 2033.
Total: 1.872900 ms (FindLiveObjects: 0.297000 ms CreateObjectMapping: 0.040100 ms MarkObjects: 1.437600 ms  DeleteObjects: 0.097200 ms)

========================================================================
Received Prepare
Registering precompiled user dll's ...
Registered in 0.000604 seconds.
Begin MonoManager ReloadAssembly
Native extension for WindowsStandalone target not found
Native extension for OSXStandalone target not found
Refreshing native plugins compatible for Editor in 0.43 ms, found 0 plugins.
Preloading 0 native plugins for Editor in 0.00 ms.
Invoked RoslynAnalysisRunner static constructor.
RoslynAnalysisRunner will not be running.
RoslynAnalysisRunner has terminated.
Mono: successfully reloaded assembly
- Completed reload, in  0.622 seconds
Platform modules already initialized, skipping
Refreshing native plugins compatible for Editor in 0.42 ms, found 0 plugins.
Preloading 0 native plugins for Editor in 0.00 ms.
Unloading 1505 Unused Serialized files (Serialized files now loaded: 0)
System memory in use before: 97.1 MB.
System memory in use after: 97.1 MB.

Unloading 6 unused Assets to reduce memory usage. Loaded Objects now: 2035.
Total: 1.773100 ms (FindLiveObjects: 0.254500 ms CreateObjectMapping: 0.041000 ms MarkObjects: 1.383300 ms  DeleteObjects: 0.093200 ms)

========================================================================
Received Prepare
Registering precompiled user dll's ...
Registered in 0.000574 seconds.
Begin MonoManager ReloadAssembly
Native extension for WindowsStandalone target not found
Native extension for OSXStandalone target not found
Refreshing native plugins compatible for Editor in 0.41 ms, found 0 plugins.
Preloading 0 native plugins for Editor in 0.00 ms.
Invoked RoslynAnalysisRunner static constructor.
RoslynAnalysisRunner will not be running.
RoslynAnalysisRunner has terminated.
Mono: successfully reloaded assembly
- Completed reload, in  0.622 seconds
Platform modules already initialized, skipping
Refreshing native plugins compatible for Editor in 0.41 ms, found 0 plugins.
Preloading 0 native plugins for Editor in 0.00 ms.
Unloading 1505 Unused Serialized files (Serialized files now loaded: 0)
System memory in use before: 97.1 MB.
System memory in use after: 97.2 MB.

Unloading 6 unused Assets to reduce memory usage. Loaded Objects now: 2037.
Total: 1.983100 ms (FindLiveObjects: 0.265600 ms CreateObjectMapping: 0.041100 ms MarkObjects: 1.590100 ms  DeleteObjects: 0.084700 ms)

AssetImportWorkerClient::OnTransportError - code=2 error=End of file
